<?xml version="1.0" encoding="UTF-8"?>
<!-- Generated by org.testng.reporters.JUnitXMLReporter -->
<testsuite ignored="2" hostname="DESKTOP-LF89V5L" failures="0" tests="1" name="Default test" time="35.974" errors="0" timestamp="14 May 2020 22:16:49 GMT">
  <testcase classname="tests.ApiDemosScenarios" name="Scenarion_1_Test" time="8.651"/>
  <testcase classname="tests.ApiDemosScenarios" name="Scenarion_2_Test" time="0.0">
    <ignored/>
  </testcase> <!-- Scenarion_2_Test -->
  <testcase classname="tests.ApiDemosScenarios" name="Scenarion_DrageAndDrop_Test" time="0.0">
    <ignored/>
  </testcase> <!-- Scenarion_DrageAndDrop_Test -->
</testsuite> <!-- Default test -->
