<?xml version="1.0" encoding="UTF-8"?>
<testng-results ignored="2" total="3" passed="1" failed="0" skipped="0">
  <reporter-output>
  </reporter-output>
  <suite started-at="2020-05-14T22:16:13Z" name="Default suite" finished-at="2020-05-14T22:16:49Z" duration-ms="35974">
    <groups>
    </groups>
    <test started-at="2020-05-14T22:16:13Z" name="Default test" finished-at="2020-05-14T22:16:49Z" duration-ms="35974">
      <class name="tests.ApiDemosScenarios">
        <test-method is-config="true" signature="appiumStart()[pri:0, instance:tests.ApiDemosScenarios@647fd8ce]" started-at="2020-05-14T22:15:44Z" name="appiumStart" finished-at="2020-05-14T22:16:13Z" duration-ms="29112" status="PASS">
          <reporter-output>
          </reporter-output>
        </test-method> <!-- appiumStart -->
        <test-method is-config="true" signature="InitializeTest()[pri:0, instance:tests.ApiDemosScenarios@647fd8ce]" started-at="2020-05-14T22:16:13Z" name="InitializeTest" finished-at="2020-05-14T22:16:41Z" duration-ms="27288" status="PASS">
          <reporter-output>
          </reporter-output>
        </test-method> <!-- InitializeTest -->
        <test-method signature="Scenarion_1_Test()[pri:1, instance:tests.ApiDemosScenarios@647fd8ce]" started-at="2020-05-14T22:16:41Z" name="Scenarion_1_Test" finished-at="2020-05-14T22:16:49Z" duration-ms="8651" status="PASS">
          <reporter-output>
          </reporter-output>
        </test-method> <!-- Scenarion_1_Test -->
        <test-method is-config="true" signature="FinishTest()[pri:0, instance:tests.ApiDemosScenarios@647fd8ce]" started-at="2020-05-14T22:16:49Z" name="FinishTest" finished-at="2020-05-14T22:16:50Z" duration-ms="51" status="PASS">
          <reporter-output>
          </reporter-output>
        </test-method> <!-- FinishTest -->
      </class> <!-- tests.ApiDemosScenarios -->
    </test> <!-- Default test -->
  </suite> <!-- Default suite -->
</testng-results>
